<?xml version="1.0" encoding="UTF-8"?>
<testsuite name="calcDeliveryPriceTests" tests="9" skipped="0" failures="0" errors="0" timestamp="2021-06-30T18:22:04" hostname="MacBook-Pro-Ivan.local" time="0.06">
  <properties/>
  <testcase name="[1] 30.01, small, true, little_high_load, 0, 1" classname="calcDeliveryPriceTests" time="0.034"/>
  <testcase name="[2] 30, small, true, little_high_load, 840, 2" classname="calcDeliveryPriceTests" time="0.002"/>
  <testcase name="[3] 29.999, big, true, very_high_load, 1120, 3" classname="calcDeliveryPriceTests" time="0.001"/>
  <testcase name="[4] 10, small, false, high_load, 420, 4" classname="calcDeliveryPriceTests" time="0.001"/>
  <testcase name="[5] 9.999, big, true, little_high_load, 720, 5" classname="calcDeliveryPriceTests" time="0.001"/>
  <testcase name="[6] 2, big, true, default, 600, 6" classname="calcDeliveryPriceTests" time="0.001"/>
  <testcase name="[7] 1.999, small, true, little_high_load, 540, 7" classname="calcDeliveryPriceTests" time="0.001"/>
  <testcase name="[8] 0.001, small, true, little_high_load, 540, 8" classname="calcDeliveryPriceTests" time="0.001"/>
  <testcase name="[9] 0.001, small, false, little_high_load, 400, 8" classname="calcDeliveryPriceTests" time="0.001"/>
  <system-out><![CDATA[]]></system-out>
  <system-err><![CDATA[]]></system-err>
</testsuite>
